<?xml version="1.0" encoding="UTF-8"?>
<!-- Generated by org.testng.reporters.JUnitReportReporter -->
<testsuite hostname="recep-mbp" failures="0" tests="2" name="com.otelz.bannerTest" time="35.466" errors="0" timestamp="01 Nis 2019 08:32:40 GMT" skipped="0">
  <testcase classname="com.otelz.bannerTest" name="banner1Test" time="16.746"/>
  <testcase classname="com.otelz.bannerTest" name="banner2Test" time="18.720"/>
</testsuite> <!-- com.otelz.bannerTest -->
