<?xml version="1.0" encoding="UTF-8"?>
<!-- Generated by org.testng.reporters.JUnitReportReporter -->
<testsuite hostname="recep-mbp" failures="0" tests="1" name="com.otelz.logInTest" time="16.199" errors="0" timestamp="01 Nis 2019 08:32:40 GMT" skipped="0">
  <testcase classname="com.otelz.logInTest" name="Test" time="16.199"/>
</testsuite> <!-- com.otelz.logInTest -->
