<?xml version="1.0" encoding="UTF-8"?>
<!-- Generated by org.testng.reporters.JUnitReportReporter -->
<testsuite hostname="recep-mbp" failures="0" tests="2" name="com.otelz.bannerTest" time="35.370" errors="0" timestamp="01 Nis 2019 11:55:18 GMT" skipped="0">
  <testcase classname="com.otelz.bannerTest" name="banner1Test" time="19.672"/>
  <testcase classname="com.otelz.bannerTest" name="banner2Test" time="15.698"/>
</testsuite> <!-- com.otelz.bannerTest -->
