<?xml version="1.0" encoding="UTF-8"?>
<!-- Generated by org.testng.reporters.JUnitReportReporter -->
<testsuite hostname="recep-mbp" failures="0" tests="1" name="com.otelz.searchTest" time="21.164" errors="0" timestamp="01 Nis 2019 10:35:19 GMT" skipped="0">
  <testcase classname="com.otelz.searchTest" name="Test" time="21.164"/>
</testsuite> <!-- com.otelz.searchTest -->
