<?xml version="1.0" encoding="UTF-8"?>
<!-- Generated by org.testng.reporters.JUnitReportReporter -->
<testsuite hostname="recep-mbp" failures="0" tests="2" name="com.otelz.bannerTest" time="35.890" errors="0" timestamp="01 Nis 2019 12:13:35 GMT" skipped="0">
  <testcase classname="com.otelz.bannerTest" name="banner1Test" time="19.538"/>
  <testcase classname="com.otelz.bannerTest" name="banner2Test" time="16.352"/>
</testsuite> <!-- com.otelz.bannerTest -->
